<?xml version="1.0" encoding="UTF-8"?>
<!-- Generated by org.testng.reporters.JUnitReportReporter -->
<testsuite hostname="BLR-LAP-125" failures="0" tests="1" name="udemyLessons.JsonBodyResponseAssertions" time="2.347" errors="0" timestamp="2024-04-03T12:17:38 IST" skipped="0">
  <testcase classname="udemyLessons.JsonBodyResponseAssertions" name="parseResponse" time="2.347"/>
  <system-out/>
</testsuite> <!-- udemyLessons.JsonBodyResponseAssertions -->
