<?xml version="1.0" encoding="UTF-8"?>
<!-- Generated by org.testng.reporters.JUnitReportReporter -->
<testsuite hostname="BLR-LAP-125" failures="0" tests="1" name="udemyLessons.ParsingJsonBodyResponseAsString" time="3.703" errors="0" timestamp="2022-05-17T11:01:10 IST" skipped="0">
  <testcase classname="udemyLessons.ParsingJsonBodyResponseAsString" name="parseResponse" time="3.703"/>
  <system-out/>
</testsuite> <!-- udemyLessons.ParsingJsonBodyResponseAsString -->
