<?xml version="1.0" encoding="UTF-8"?>
<!-- Generated by org.testng.reporters.JUnitReportReporter -->
<testsuite hostname="BLR-LAP-125" failures="0" tests="1" name="udemyLessons.HashMapConvertedToJson" time="1.939" errors="0" timestamp="2024-02-19T11:21:43 IST" skipped="0">
  <testcase classname="udemyLessons.HashMapConvertedToJson" name="parseResponse" time="1.939"/>
  <system-out/>
</testsuite> <!-- udemyLessons.HashMapConvertedToJson -->
