<?xml version="1.0" encoding="UTF-8"?>
<!-- Generated by org.testng.reporters.JUnitReportReporter -->
<testsuite hostname="BLR-LAP-125" failures="0" tests="1" name="Test02_POST" time="1.901" errors="0" timestamp="2024-01-30T11:46:23 IST" skipped="0">
  <testcase classname="Test02_POST" name="postRequest" time="1.901"/>
  <system-out/>
</testsuite> <!-- Test02_POST -->
