<?xml version="1.0" encoding="UTF-8"?>
<!-- Generated by org.testng.reporters.JUnitReportReporter -->
<testsuite hostname="BLR-LAP-125" failures="0" tests="2" name="runnerClass.Runner" time="4.669" errors="0" timestamp="2022-07-04T12:13:38 IST" skipped="0">
  <testcase classname="runnerClass.Runner" name="runScenario" time="0.212"/>
  <system-out/>
  <testcase classname="runnerClass.Runner" name="runScenario" time="4.457"/>
  <system-out/>
</testsuite> <!-- runnerClass.Runner -->
