<?xml version="1.0" encoding="UTF-8"?>
<!-- Generated by org.testng.reporters.JUnitReportReporter -->
<testsuite hostname="BLR-LAP-114" failures="0" tests="1" name="udemyLessons.ParsingJsonResponse" time="2.052" errors="0" timestamp="2022-04-05T10:56:46 IST" skipped="0">
  <testcase classname="udemyLessons.ParsingJsonResponse" name="parseResponse" time="2.052"/>
  <system-out/>
</testsuite> <!-- udemyLessons.ParsingJsonResponse -->
