<?xml version="1.0" encoding="UTF-8"?>
<!-- Generated by org.testng.reporters.JUnitReportReporter -->
<testsuite hostname="BLR-LAP-125" failures="0" tests="1" name="utilities.ExcelDataDriven" time="1.341" errors="0" timestamp="2022-05-19T12:20:53 IST" skipped="0">
  <testcase classname="utilities.ExcelDataDriven" name="methodUsingExcelUtilities" time="1.341"/>
  <system-out/>
</testsuite> <!-- utilities.ExcelDataDriven -->
