<?xml version="1.0" encoding="UTF-8"?>
<!-- Generated by org.testng.reporters.JUnitReportReporter -->
<testsuite hostname="BLR-LAP-125" failures="0" tests="1" name="udemyLessons.Serialization" time="4.569" errors="0" timestamp="2024-05-13T13:03:50 IST" skipped="0">
  <testcase classname="udemyLessons.Serialization" name="serializeConcept" time="4.569"/>
  <system-out/>
</testsuite> <!-- udemyLessons.Serialization -->
