<?xml version="1.0" encoding="UTF-8"?>
<!-- Generated by org.testng.reporters.JUnitReportReporter -->
<testsuite hostname="BLR-LAP-125" failures="0" tests="1" name="udemyLessons.ExcelUtilityFileIntegratedwithHashMap" time="2.720" errors="0" timestamp="2024-02-20T12:40:22 IST" skipped="0">
  <testcase classname="udemyLessons.ExcelUtilityFileIntegratedwithHashMap" name="testDatafromExcel" time="2.720"/>
  <system-out/>
</testsuite> <!-- udemyLessons.ExcelUtilityFileIntegratedwithHashMap -->
