<?xml version="1.0" encoding="UTF-8"?>
<!-- Generated by org.testng.reporters.JUnitReportReporter -->
<testsuite hostname="BLR-LAP-125" failures="0" tests="1" name="udemyLessons.ExcelUtilitiesForTestData" time="0.507" errors="0" timestamp="2024-02-14T10:30:18 IST" skipped="0">
  <testcase classname="udemyLessons.ExcelUtilitiesForTestData" name="useDataFromExcel" time="0.507"/>
  <system-out/>
</testsuite> <!-- udemyLessons.ExcelUtilitiesForTestData -->
