<?xml version="1.0" encoding="UTF-8"?>
<!-- Generated by org.testng.reporters.JUnitReportReporter -->
<testsuite hostname="BLR-LAP-125" failures="0" tests="1" name="udemyLessons.IntegratingMultipleAPIsAndOperations" time="4.999" errors="0" timestamp="2024-02-28T10:33:48 IST" skipped="0">
  <testcase classname="udemyLessons.IntegratingMultipleAPIsAndOperations" name="parseResponse" time="4.999"/>
  <system-out/>
</testsuite> <!-- udemyLessons.IntegratingMultipleAPIsAndOperations -->
