<?xml version="1.0" encoding="UTF-8"?>
<!-- Generated by org.testng.reporters.JUnitReportReporter -->
<testsuite hostname="BLR-LAP-125" failures="0" tests="1" name="Test02_POST" time="1.817" errors="0" timestamp="2022-06-02T16:27:50 IST" skipped="0">
  <testcase classname="Test02_POST" name="deleteRequest" time="1.817"/>
  <system-out/>
</testsuite> <!-- Test02_POST -->
