<?xml version="1.0" encoding="UTF-8"?>
<!-- Generated by org.testng.reporters.JUnitReportReporter -->
<testsuite hostname="BLR-LAP-114" failures="0" tests="1" name="udemyLessons.OAuth" time="3.343" errors="0" timestamp="2022-04-28T12:36:08 IST" skipped="0">
  <testcase classname="udemyLessons.OAuth" name="oAuthAuthorizationCode" time="3.343"/>
  <system-out/>
</testsuite> <!-- udemyLessons.OAuth -->
