<?xml version="1.0" encoding="UTF-8"?>
<!-- Generated by org.testng.reporters.JUnitReportReporter -->
<testsuite hostname="BLR-LAP-125" failures="0" tests="1" name="Test01_GET" time="1.984" errors="0" timestamp="2024-02-19T10:41:49 IST" skipped="0">
  <testcase classname="Test01_GET" name="test_02" time="1.984"/>
  <system-out/>
</testsuite> <!-- Test01_GET -->
