<?xml version="1.0" encoding="UTF-8"?>
<!-- Generated by org.testng.reporters.JUnitReportReporter -->
<testsuite hostname="BLR-LAP-114" failures="0" tests="1" name="Test01" time="1.924" errors="0" timestamp="2022-03-29T16:37:59 IST" skipped="0">
  <testcase classname="Test01" name="test_01" time="1.924"/>
  <system-out/>
</testsuite> <!-- Test01 -->
