<?xml version="1.0" encoding="UTF-8"?>
<!-- Generated by org.testng.reporters.JUnitReportReporter -->
<testsuite hostname="BLR-LAP-125" failures="0" tests="1" name="udemyLessons.HashMapConvertedToJson" time="2.726" errors="0" timestamp="2022-05-19T11:59:38 IST" skipped="0">
  <testcase classname="udemyLessons.HashMapConvertedToJson" name="parseResponse" time="2.726"/>
  <system-out/>
</testsuite> <!-- udemyLessons.HashMapConvertedToJson -->
