<?xml version="1.0" encoding="UTF-8"?>
<!-- Generated by org.testng.reporters.JUnitReportReporter -->
<testsuite hostname="BLR-LAP-125" failures="0" tests="1" name="udemyLessons.IntegratingMultipleAPIsAndOperations" time="4.146" errors="0" timestamp="2024-02-19T11:39:45 IST" skipped="0">
  <testcase classname="udemyLessons.IntegratingMultipleAPIsAndOperations" name="parseResponse" time="4.146"/>
  <system-out/>
</testsuite> <!-- udemyLessons.IntegratingMultipleAPIsAndOperations -->
