<?xml version="1.0" encoding="UTF-8"?>
<!-- Generated by org.testng.reporters.JUnitReportReporter -->
<testsuite hostname="BLR-LAP-125" failures="0" tests="1" name="utilities.JsonDataDriven" time="0.973" errors="0" timestamp="2022-06-30T15:23:40 IST" skipped="0">
  <testcase classname="utilities.JsonDataDriven" name="readTestData" time="0.973"/>
  <system-out/>
</testsuite> <!-- utilities.JsonDataDriven -->
