<?xml version="1.0" encoding="UTF-8"?>
<!-- Generated by org.testng.reporters.JUnitReportReporter -->
<testsuite hostname="BLR-LAP-125" failures="0" tests="1" name="udemyLessons.MockingJsonResponse" time="1.133" errors="0" timestamp="2024-02-19T11:58:05 IST" skipped="0">
  <testcase classname="udemyLessons.MockingJsonResponse" name="getCourseDetails" time="1.133"/>
  <system-out/>
</testsuite> <!-- udemyLessons.MockingJsonResponse -->
