<?xml version="1.0" encoding="UTF-8"?>
<!-- Generated by org.testng.reporters.JUnitReportReporter -->
<testsuite hostname="BLR-LAP-125" failures="0" tests="1" name="udemyLessons.Types_Authentication" time="3.446" errors="0" timestamp="2024-04-05T11:53:51 IST" skipped="0">
  <testcase classname="udemyLessons.Types_Authentication" name="bearerToken" time="3.446"/>
  <system-out/>
</testsuite> <!-- udemyLessons.Types_Authentication -->
