<?xml version="1.0" encoding="UTF-8"?>
<!-- Generated by org.testng.reporters.JUnitReportReporter -->
<testsuite hostname="BLR-LAP-125" failures="0" tests="1" name="Test01_GET" time="2.292" errors="0" timestamp="2022-06-02T15:37:23 IST" skipped="0">
  <testcase classname="Test01_GET" name="test_02" time="2.292"/>
  <system-out/>
</testsuite> <!-- Test01_GET -->
