<?xml version="1.0" encoding="UTF-8"?>
<!-- Generated by org.testng.reporters.JUnitReportReporter -->
<testsuite hostname="BLR-LAP-125" failures="0" tests="1" name="udemyLessons.Serialization" time="1.747" errors="0" timestamp="2024-04-15T10:42:49 IST" skipped="0">
  <testcase classname="udemyLessons.Serialization" name="serializeConcept" time="1.747"/>
  <system-out/>
</testsuite> <!-- udemyLessons.Serialization -->
