<?xml version="1.0" encoding="UTF-8"?>
<!-- Generated by org.testng.reporters.JUnitReportReporter -->
<testsuite hostname="BLR-LAP-125" failures="0" tests="1" name="udemyLessons.BodyInputFromExternalFile" time="2.827" errors="0" timestamp="2024-02-06T12:44:14 IST" skipped="0">
  <testcase classname="udemyLessons.BodyInputFromExternalFile" name="invokingExternalJson" time="2.827"/>
  <system-out/>
</testsuite> <!-- udemyLessons.BodyInputFromExternalFile -->
