<?xml version="1.0" encoding="UTF-8"?>
<!-- Generated by org.testng.reporters.JUnitReportReporter -->
<testsuite hostname="BLR-LAP-125" failures="0" tests="1" name="udemyLessons.RequestAndResponseSpecBuilder" time="1.789" errors="0" timestamp="2022-05-11T15:45:37 IST" skipped="0">
  <testcase classname="udemyLessons.RequestAndResponseSpecBuilder" name="parseResponse" time="1.789"/>
  <system-out/>
</testsuite> <!-- udemyLessons.RequestAndResponseSpecBuilder -->
