<?xml version="1.0" encoding="UTF-8"?>
<!-- Generated by org.testng.reporters.JUnitReportReporter -->
<testsuite hostname="BLR-LAP-125" failures="0" tests="1" name="udemyLessons.ExcelUtilitiesForTestData" time="0.761" errors="0" timestamp="2024-02-09T11:19:32 IST" skipped="0">
  <testcase classname="udemyLessons.ExcelUtilitiesForTestData" name="useDataFromExcel" time="0.761"/>
  <system-out/>
</testsuite> <!-- udemyLessons.ExcelUtilitiesForTestData -->
