<?xml version="1.0" encoding="UTF-8"?>
<!-- Generated by org.testng.reporters.JUnitReportReporter -->
<testsuite hostname="BLR-LAP-125" failures="0" tests="1" name="udemyLessons.ExcelUtilityFileIntegratedwithHashMap" time="0.823" errors="0" timestamp="2022-05-19T12:28:22 IST" skipped="0">
  <testcase classname="udemyLessons.ExcelUtilityFileIntegratedwithHashMap" name="testDatafromExcel" time="0.823"/>
  <system-out/>
</testsuite> <!-- udemyLessons.ExcelUtilityFileIntegratedwithHashMap -->
