<?xml version="1.0" encoding="UTF-8"?>
<!-- Generated by org.testng.reporters.JUnitReportReporter -->
<testsuite hostname="BLR-LAP-125" failures="0" tests="3" name="udemyLessons.DynamicTestData" time="2.830" errors="0" timestamp="2024-02-07T13:31:13 IST" skipped="0">
  <testcase classname="udemyLessons.DynamicTestData" name="parameterizingTestData" time="2.498"/>
  <system-out/>
  <testcase classname="udemyLessons.DynamicTestData" name="parameterizingTestData" time="0.165"/>
  <system-out/>
  <testcase classname="udemyLessons.DynamicTestData" name="parameterizingTestData" time="0.167"/>
  <system-out/>
</testsuite> <!-- udemyLessons.DynamicTestData -->
