<?xml version="1.0" encoding="UTF-8"?>
<!-- Generated by org.testng.reporters.JUnitReportReporter -->
<testsuite hostname="BLR-LAP-125" failures="0" tests="1" name="udemyLessons.Serialization" time="1.704" errors="0" timestamp="2024-04-05T10:52:51 IST" skipped="0">
  <testcase classname="udemyLessons.Serialization" name="serializeConcept" time="1.704"/>
  <system-out/>
</testsuite> <!-- udemyLessons.Serialization -->
