<?xml version="1.0" encoding="UTF-8"?>
<!-- Generated by org.testng.reporters.JUnitReportReporter -->
<testsuite hostname="BLR-LAP-125" failures="0" tests="1" name="UserAPIs" time="0.018" errors="0" timestamp="2024-05-28T12:55:35 IST" skipped="0">
  <testcase classname="UserAPIs" name="CreateUser" time="0.018"/>
  <system-out/>
</testsuite> <!-- UserAPIs -->
