<?xml version="1.0" encoding="UTF-8"?>
<!-- Generated by org.testng.reporters.JUnitReportReporter -->
<testsuite hostname="BLR-LAP-125" failures="0" tests="1" name="udemyLessons.JsonSchemaValidation" time="1.964" errors="0" timestamp="2024-04-03T11:31:35 IST" skipped="0">
  <testcase classname="udemyLessons.JsonSchemaValidation" name="jsonSchemaValidatation" time="1.964"/>
  <system-out/>
</testsuite> <!-- udemyLessons.JsonSchemaValidation -->
