<?xml version="1.0" encoding="UTF-8"?>
<!-- Generated by org.testng.reporters.JUnitReportReporter -->
<testsuite hostname="BLR-LAP-125" failures="0" tests="1" name="udemyLessons.Serialization" time="2.511" errors="0" timestamp="2024-04-02T16:27:37 IST" skipped="0">
  <testcase classname="udemyLessons.Serialization" name="serializeConcept" time="2.511"/>
  <system-out/>
</testsuite> <!-- udemyLessons.Serialization -->
