<?xml version="1.0" encoding="UTF-8"?>
<!-- Generated by org.testng.reporters.JUnitReportReporter -->
<testsuite hostname="BLR-LAP-125" failures="0" tests="1" name="udemyLessons.SerializationAndDeserializationByPavan" time="0.208" errors="1" timestamp="2024-04-03T13:07:42 IST" skipped="0">
  <testcase classname="udemyLessons.SerializationAndDeserializationByPavan" name="deserializeMethod" time="0.208">
    <error message="Unrecognized field &quot;latitude&quot; (class udemyPojo.Location), not marked as ignorable (2 known properties: &quot;latitide&quot;, &quot;longitude&quot;])
 at [Source: (String)&quot;{
  &quot;location&quot; : {
    &quot;longitude&quot; : -45.234645,
    &quot;latitude&quot; : -45.234
  },
  &quot;accuracy&quot; : 50,
  &quot;name&quot; : &quot;JS Home&quot;,
  &quot;phone_number&quot; : &quot;6666567&quot;,
  &quot;address&quot; : &quot;232, Electronic City, Bangalore&quot;,
  &quot;types&quot; : [ &quot;Shoe Park&quot;, &quot;Park Town&quot; ],
  &quot;website&quot; : &quot;www.rahulshetty.com&quot;,
  &quot;language&quot; : &quot;Tamil&quot;
}&quot;; line: 4, column: 25] (through reference chain: udemyPojo.GetLocation[&quot;location&quot;]-&gt;udemyPojo.Location[&quot;latitude&quot;])" type="com.fasterxml.jackson.databind.exc.UnrecognizedPropertyException">
      <![CDATA[com.fasterxml.jackson.databind.exc.UnrecognizedPropertyException: Unrecognized field "latitude" (class udemyPojo.Location), not marked as ignorable (2 known properties: "latitide", "longitude"])
 at [Source: (String)"{
  "location" : {
    "longitude" : -45.234645,
    "latitude" : -45.234
  },
  "accuracy" : 50,
  "name" : "JS Home",
  "phone_number" : "6666567",
  "address" : "232, Electronic City, Bangalore",
  "types" : [ "Shoe Park", "Park Town" ],
  "website" : "www.rahulshetty.com",
  "language" : "Tamil"
}"; line: 4, column: 25] (through reference chain: udemyPojo.GetLocation["location"]->udemyPojo.Location["latitude"])
at com.fasterxml.jackson.databind.exc.UnrecognizedPropertyException.from(UnrecognizedPropertyException.java:61)
at com.fasterxml.jackson.databind.DeserializationContext.handleUnknownProperty(DeserializationContext.java:1127)
at com.fasterxml.jackson.databind.deser.std.StdDeserializer.handleUnknownProperty(StdDeserializer.java:2036)
at com.fasterxml.jackson.databind.deser.BeanDeserializerBase.handleUnknownProperty(BeanDeserializerBase.java:1700)
at com.fasterxml.jackson.databind.deser.BeanDeserializerBase.handleUnknownVanilla(BeanDeserializerBase.java:1678)
at com.fasterxml.jackson.databind.deser.BeanDeserializer.vanillaDeserialize(BeanDeserializer.java:320)
at com.fasterxml.jackson.databind.deser.BeanDeserializer.deserialize(BeanDeserializer.java:177)
at com.fasterxml.jackson.databind.deser.impl.MethodProperty.deserializeAndSet(MethodProperty.java:129)
at com.fasterxml.jackson.databind.deser.BeanDeserializer.vanillaDeserialize(BeanDeserializer.java:314)
at com.fasterxml.jackson.databind.deser.BeanDeserializer.deserialize(BeanDeserializer.java:177)
at com.fasterxml.jackson.databind.deser.DefaultDeserializationContext.readRootValue(DefaultDeserializationContext.java:323)
at com.fasterxml.jackson.databind.ObjectMapper._readMapAndClose(ObjectMapper.java:4674)
at com.fasterxml.jackson.databind.ObjectMapper.readValue(ObjectMapper.java:3629)
at com.fasterxml.jackson.databind.ObjectMapper.readValue(ObjectMapper.java:3597)
at udemyLessons.SerializationAndDeserializationByPavan.deserializeMethod(SerializationAndDeserializationByPavan.java:80)
at java.base/jdk.internal.reflect.NativeMethodAccessorImpl.invoke0(Native Method)
at java.base/jdk.internal.reflect.NativeMethodAccessorImpl.invoke(NativeMethodAccessorImpl.java:77)
at java.base/jdk.internal.reflect.DelegatingMethodAccessorImpl.invoke(DelegatingMethodAccessorImpl.java:43)
at java.base/java.lang.reflect.Method.invoke(Method.java:568)
at org.testng.internal.invokers.MethodInvocationHelper.invokeMethod(MethodInvocationHelper.java:135)
at org.testng.internal.invokers.TestInvoker.invokeMethod(TestInvoker.java:673)
at org.testng.internal.invokers.TestInvoker.invokeTestMethod(TestInvoker.java:220)
at org.testng.internal.invokers.MethodRunner.runInSequence(MethodRunner.java:50)
at org.testng.internal.invokers.TestInvoker$MethodInvocationAgent.invoke(TestInvoker.java:945)
at org.testng.internal.invokers.TestInvoker.invokeTestMethods(TestInvoker.java:193)
at org.testng.internal.invokers.TestMethodWorker.invokeTestMethods(TestMethodWorker.java:146)
at org.testng.internal.invokers.TestMethodWorker.run(TestMethodWorker.java:128)
at java.base/java.util.ArrayList.forEach(ArrayList.java:1511)
at org.testng.TestRunner.privateRun(TestRunner.java:808)
at org.testng.TestRunner.run(TestRunner.java:603)
at org.testng.SuiteRunner.runTest(SuiteRunner.java:429)
at org.testng.SuiteRunner.runSequentially(SuiteRunner.java:423)
at org.testng.SuiteRunner.privateRun(SuiteRunner.java:383)
at org.testng.SuiteRunner.run(SuiteRunner.java:326)
at org.testng.SuiteRunnerWorker.runSuite(SuiteRunnerWorker.java:52)
at org.testng.SuiteRunnerWorker.run(SuiteRunnerWorker.java:95)
at org.testng.TestNG.runSuitesSequentially(TestNG.java:1249)
at org.testng.TestNG.runSuitesLocally(TestNG.java:1169)
at org.testng.TestNG.runSuites(TestNG.java:1092)
at org.testng.TestNG.run(TestNG.java:1060)
at org.testng.remote.AbstractRemoteTestNG.run(AbstractRemoteTestNG.java:115)
at org.testng.remote.RemoteTestNG.initAndRun(RemoteTestNG.java:251)
at org.testng.remote.RemoteTestNG.main(RemoteTestNG.java:77)
]]>
    </error>
  </testcase> <!-- deserializeMethod -->
  <system-out/>
</testsuite> <!-- udemyLessons.SerializationAndDeserializationByPavan -->
