<?xml version="1.0" encoding="UTF-8"?>
<!-- Generated by org.testng.reporters.JUnitReportReporter -->
<testsuite hostname="BLR-LAP-125" failures="0" tests="1" name="udemyLessons.AuthenticationTypes" time="3.693" errors="0" timestamp="2024-04-05T11:17:35 IST" skipped="0">
  <testcase classname="udemyLessons.AuthenticationTypes" name="basicAuthentication" time="3.693"/>
  <system-out/>
</testsuite> <!-- udemyLessons.AuthenticationTypes -->
