<?xml version="1.0" encoding="UTF-8"?>
<!-- Generated by org.testng.reporters.JUnitReportReporter -->
<testsuite hostname="BLR-LAP-125" failures="0" tests="1" name="udemyLessons.ExcelUtilitiesForTestData" time="0.776" errors="0" timestamp="2022-05-19T12:21:26 IST" skipped="0">
  <testcase classname="udemyLessons.ExcelUtilitiesForTestData" name="useDataFromExcel" time="0.776"/>
  <system-out/>
</testsuite> <!-- udemyLessons.ExcelUtilitiesForTestData -->
