<?xml version="1.0" encoding="UTF-8"?>
<!-- Generated by org.testng.reporters.JUnitReportReporter -->
<testsuite hostname="BLR-LAP-125" failures="0" tests="1" name="udemyLessons.BodyInputFromExternalFile" time="2.160" errors="0" timestamp="2022-06-30T14:59:24 IST" skipped="0">
  <testcase classname="udemyLessons.BodyInputFromExternalFile" name="invokingExternalJson" time="2.160"/>
  <system-out/>
</testsuite> <!-- udemyLessons.BodyInputFromExternalFile -->
