<?xml version="1.0" encoding="UTF-8"?>
<!-- Generated by org.testng.reporters.JUnitReportReporter -->
<testsuite hostname="BLR-LAP-125" failures="0" tests="1" name="udemyLessons.RequestAndResponseLoggingFilter" time="3.288" errors="0" timestamp="2022-05-17T11:07:22 IST" skipped="0">
  <testcase classname="udemyLessons.RequestAndResponseLoggingFilter" name="parseResponse" time="3.288"/>
  <system-out/>
</testsuite> <!-- udemyLessons.RequestAndResponseLoggingFilter -->
