<?xml version="1.0" encoding="UTF-8"?>
<!-- Generated by org.testng.reporters.JUnitReportReporter -->
<testsuite hostname="BLR-LAP-125" failures="0" tests="1" name="udemyLessons.SerializationAndDeserializationByPavan" time="0.212" errors="0" timestamp="2024-04-05T10:34:51 IST" skipped="0">
  <testcase classname="udemyLessons.SerializationAndDeserializationByPavan" name="deserializeMethod" time="0.212"/>
  <system-out/>
</testsuite> <!-- udemyLessons.SerializationAndDeserializationByPavan -->
