<?xml version="1.0" encoding="UTF-8"?>
<!-- Generated by org.testng.reporters.JUnitReportReporter -->
<testsuite hostname="BLR-LAP-125" failures="0" tests="1" name="udemyLessons.FetchingDataFromJsonArrayVsJsonObject" time="2.003" errors="0" timestamp="2024-04-15T10:48:18 IST" skipped="0">
  <testcase classname="udemyLessons.FetchingDataFromJsonArrayVsJsonObject" name="parseResponse" time="2.003"/>
  <system-out/>
</testsuite> <!-- udemyLessons.FetchingDataFromJsonArrayVsJsonObject -->
