<?xml version="1.0" encoding="UTF-8"?>
<!-- Generated by org.testng.reporters.JUnitReportReporter -->
<testsuite hostname="BLR-LAP-125" failures="0" tests="1" name="utilities.ExcelDataDriven" time="0.633" errors="0" timestamp="2024-02-13T10:08:47 IST" skipped="0">
  <testcase classname="utilities.ExcelDataDriven" name="methodUsingExcelUtilities" time="0.633"/>
  <system-out/>
</testsuite> <!-- utilities.ExcelDataDriven -->
