<?xml version="1.0" encoding="UTF-8"?>
<!-- Generated by org.testng.reporters.JUnitReportReporter -->
<testsuite hostname="BLR-LAP-125" failures="0" tests="3" name="udemyPojo.KeepPracticing" time="3.416" errors="0" timestamp="2024-02-07T13:35:23 IST" skipped="0">
  <testcase classname="udemyPojo.KeepPracticing" name="postBookDetails" time="0.167"/>
  <system-out/>
  <testcase classname="udemyPojo.KeepPracticing" name="postBookDetails" time="3.066"/>
  <system-out/>
  <testcase classname="udemyPojo.KeepPracticing" name="postBookDetails" time="0.183"/>
  <system-out/>
</testsuite> <!-- udemyPojo.KeepPracticing -->
