<?xml version="1.0" encoding="UTF-8"?>
<!-- Generated by org.testng.reporters.JUnitReportReporter -->
<testsuite hostname="BLR-LAP-114" failures="0" tests="1" name="udemyLessons.MockingJsonResponse" time="1.969" errors="0" timestamp="2022-04-06T14:48:36 IST" skipped="0">
  <testcase classname="udemyLessons.MockingJsonResponse" name="getCourseDetails" time="1.969"/>
  <system-out/>
</testsuite> <!-- udemyLessons.MockingJsonResponse -->
