<?xml version="1.0" encoding="UTF-8"?>
<!-- Generated by org.testng.reporters.JUnitReportReporter -->
<testsuite hostname="BLR-LAP-125" failures="0" tests="2" name="cucmberOptions.Runner" time="2.684" errors="0" timestamp="2022-06-30T16:51:54 IST" skipped="0">
  <testcase classname="cucmberOptions.Runner" name="runScenario" time="0.213"/>
  <system-out/>
  <testcase classname="cucmberOptions.Runner" name="runScenario" time="2.471"/>
  <system-out/>
</testsuite> <!-- cucmberOptions.Runner -->
