<?xml version="1.0" encoding="UTF-8"?>
<!-- Generated by org.testng.reporters.JUnitReportReporter -->
<testsuite hostname="BLR-LAP-125" failures="0" tests="1" name="udemyLessons.RequestAndResponseSpecBuilder" time="3.963" errors="0" timestamp="2024-02-20T12:45:39 IST" skipped="0">
  <testcase classname="udemyLessons.RequestAndResponseSpecBuilder" name="parseResponse" time="3.963"/>
  <system-out/>
</testsuite> <!-- udemyLessons.RequestAndResponseSpecBuilder -->
