<?xml version="1.0" encoding="UTF-8"?>
<!-- Generated by org.testng.reporters.JUnitReportReporter -->
<testsuite hostname="BLR-LAP-125" failures="0" tests="1" name="Test02_POST" time="2.975" errors="0" timestamp="2024-03-29T13:33:06 IST" skipped="0">
  <testcase classname="Test02_POST" name="postRequest" time="2.975"/>
  <system-out/>
</testsuite> <!-- Test02_POST -->
