<?xml version="1.0" encoding="UTF-8"?>
<!-- Generated by org.testng.reporters.JUnitReportReporter -->
<testsuite hostname="BLR-LAP-125" failures="0" tests="1" name="udemyPojo.KeepPracticing" time="0.010" errors="0" timestamp="2024-02-29T10:26:02 IST" skipped="0">
  <testcase classname="udemyPojo.KeepPracticing" name="reqSpec" time="0.010"/>
  <system-out/>
</testsuite> <!-- udemyPojo.KeepPracticing -->
